{
  "RSpec": {
    "coverage": {
      "/Users/matthewohara/challenges/brundleskark/lunch_academy/app/models/user.rb": [
        1,
        null,
        null,
        1,
        1,
        1,
        null,
        null
      ],
      "/Users/matthewohara/challenges/brundleskark/lunch_academy/app/models/meetup.rb": [
        1,
        1,
        1,
        1,
        1,
        1,
        1,
        1,
        1,
        null
      ],
      "/Users/matthewohara/challenges/brundleskark/lunch_academy/app/controllers/meetups_controller.rb": [
        1,
        1,
        1,
        1,
        51,
        null,
        null,
        1,
        0,
        null,
        null,
        1,
        0,
        0,
        0,
        0,
        null,
        null,
        1,
        0,
        0,
        null,
        null,
        1,
        8,
        8,
        8,
        4,
        null,
        4,
        4,
        null,
        null,
        null,
        1,
        null,
        1,
        null,
        8,
        null,
        null,
        null
      ],
      "/Users/matthewohara/challenges/brundleskark/lunch_academy/app/controllers/application_controller.rb": [
        1,
        null,
        null,
        1,
        null,
        1,
        1,
        92,
        null,
        null,
        1,
        23,
        null,
        null,
        1,
        69,
        null,
        null,
        null,
        1,
        16,
        2,
        2,
        null,
        null,
        null
      ],
      "/Users/matthewohara/challenges/brundleskark/lunch_academy/app/models/attendee.rb": [
        1,
        1,
        1,
        null,
        1,
        1,
        1,
        null
      ],
      "/Users/matthewohara/challenges/brundleskark/lunch_academy/app/models/comment.rb": [
        1,
        1,
        1,
        null,
        1,
        1,
        1,
        null
      ],
      "/Users/matthewohara/challenges/brundleskark/lunch_academy/app/controllers/attendees_controller.rb": [
        1,
        1,
        1,
        2,
        2,
        null,
        2,
        null,
        null,
        1,
        1,
        1,
        1,
        null,
        null
      ],
      "/Users/matthewohara/challenges/brundleskark/lunch_academy/app/controllers/comments_controller.rb": [
        1,
        1,
        1,
        2,
        2,
        2,
        2,
        null,
        0,
        null,
        null,
        null,
        1,
        1,
        1,
        1,
        null,
        null,
        1,
        null,
        1,
        null,
        2,
        null,
        null
      ]
    },
    "timestamp": 1444920529
  }
}
