{
  "RSpec": {
    "coverage": {
      "/Users/matthewohara/challenges/brundleskark/lunch_academy/app/models/user.rb": [
        1,
        null,
        null,
        1,
        1,
        1,
        null,
        null
      ],
      "/Users/matthewohara/challenges/brundleskark/lunch_academy/app/controllers/meetups_controller.rb": [
        1,
        1,
        1,
        1,
        4,
        0,
        null,
        null,
        4,
        null,
        4,
        4,
        2,
        0,
        null,
        null,
        null,
        null,
        1,
        0,
        null,
        null,
        1,
        0,
        0,
        0,
        0,
        null,
        null,
        1,
        0,
        0,
        null,
        null,
        1,
        1,
        1,
        1,
        1,
        0,
        null,
        1,
        1,
        null,
        0,
        0,
        null,
        null,
        null,
        1,
        null,
        1,
        null,
        1,
        null,
        null,
        null
      ],
      "/Users/matthewohara/challenges/brundleskark/lunch_academy/app/controllers/application_controller.rb": [
        1,
        null,
        null,
        1,
        null,
        1,
        1,
        4,
        null,
        null,
        1,
        1,
        null,
        null,
        1,
        3,
        null,
        null,
        null,
        1,
        2,
        0,
        0,
        null,
        null,
        null
      ],
      "/Users/matthewohara/challenges/brundleskark/lunch_academy/app/models/meetup.rb": [
        1,
        null,
        1,
        1,
        1,
        1,
        null,
        1,
        1,
        1,
        1,
        null
      ],
      "/Users/matthewohara/challenges/brundleskark/lunch_academy/app/models/location.rb": [
        1,
        1,
        1,
        null,
        1,
        0,
        0,
        null,
        0,
        null,
        null,
        null
      ],
      "/Users/matthewohara/challenges/brundleskark/lunch_academy/app/models/attendee.rb": [
        1,
        1,
        1,
        null,
        1,
        1,
        1,
        null
      ],
      "/Users/matthewohara/challenges/brundleskark/lunch_academy/app/models/comment.rb": [
        1,
        1,
        1,
        null,
        1,
        1,
        1,
        null
      ],
      "/Users/matthewohara/challenges/brundleskark/lunch_academy/app/controllers/comments_controller.rb": [
        1,
        1,
        1,
        1,
        0,
        null,
        0,
        0,
        0,
        0,
        null,
        null,
        0,
        0,
        null,
        null,
        1,
        null,
        1,
        1,
        1,
        null,
        0,
        null,
        null,
        null,
        null,
        1,
        0,
        0,
        0,
        0,
        0,
        null,
        null,
        null,
        null,
        1,
        null,
        1,
        null,
        1,
        null,
        null
      ]
    },
    "timestamp": 1445388807
  }
}
